[2026-06-17T10:53:24.455Z] === NEW REQUEST ===
[2026-06-17T10:53:24.814Z] User: d96ff77c-171b-4918-bb68-d82c1da8dfbe
[2026-06-17T10:53:24.816Z] Payload: BAJAJ-AUTO.NS, 1, buy
[2026-06-17T10:53:25.785Z] Portfolio found: 08f43a2c-d3ad-430d-b811-1f9ebca8f9b5, cashBalance: 33186.2
[2026-06-17T10:53:28.170Z] Processing BUY...
[2026-06-17T10:53:28.171Z] Starting transaction...
[2026-06-17T10:53:31.392Z] Transaction completed successfully! Returning success: true. ID: abbb46d7-db04-4625-b3fc-008700207725
[2026-06-17T10:59:51.486Z] === NEW REQUEST ===
[2026-06-17T10:59:51.806Z] User: d96ff77c-171b-4918-bb68-d82c1da8dfbe
[2026-06-17T10:59:51.809Z] Payload: AXISBANK.NS, 2, buy
[2026-06-17T10:59:52.979Z] Portfolio found: 08f43a2c-d3ad-430d-b811-1f9ebca8f9b5, cashBalance: 23144.2
[2026-06-17T10:59:53.594Z] Processing BUY...
[2026-06-17T10:59:53.595Z] Starting transaction...
[2026-06-17T10:59:56.598Z] Transaction completed successfully! Returning success: true. ID: 6ffe9ae3-9389-47e6-9f14-a1b7854de0dc
[2026-06-17T11:03:23.170Z] === NEW REQUEST ===
[2026-06-17T11:03:24.487Z] User: d96ff77c-171b-4918-bb68-d82c1da8dfbe
[2026-06-17T11:03:24.489Z] Payload: RELIANCE.NS, 1, buy
[2026-06-17T11:03:25.371Z] Portfolio found: 08f43a2c-d3ad-430d-b811-1f9ebca8f9b5, cashBalance: 20442.4
[2026-06-17T11:03:28.000Z] Processing BUY...
[2026-06-17T11:03:28.004Z] Starting transaction...
[2026-06-17T11:03:31.710Z] Transaction completed successfully! Returning success: true. ID: 72231e35-cf53-4aee-9908-dbd540a7ca82
[2026-06-17T11:04:11.404Z] === NEW REQUEST ===
[2026-06-17T11:04:12.154Z] User: d96ff77c-171b-4918-bb68-d82c1da8dfbe
[2026-06-17T11:04:12.174Z] Payload: RELIANCE.NS, 1, buy
[2026-06-17T11:04:14.289Z] Portfolio found: 08f43a2c-d3ad-430d-b811-1f9ebca8f9b5, cashBalance: 19109.7
[2026-06-17T11:04:15.392Z] Processing BUY...
[2026-06-17T11:04:15.394Z] Starting transaction...
[2026-06-17T11:04:17.441Z] Transaction completed successfully! Returning success: true. ID: bebc75ca-8c71-4029-9778-cb8034afe5ea
[2026-06-17T11:17:38.620Z] === NEW REQUEST ===
[2026-06-17T11:17:39.186Z] User: d96ff77c-171b-4918-bb68-d82c1da8dfbe
[2026-06-17T11:17:39.189Z] Payload: INFY.NS, 1, buy
[2026-06-17T11:17:40.504Z] Portfolio found: 08f43a2c-d3ad-430d-b811-1f9ebca8f9b5, cashBalance: 17777
[2026-06-17T11:17:41.569Z] Processing BUY...
[2026-06-17T11:17:41.571Z] Starting transaction...
[2026-06-17T11:17:45.188Z] Transaction completed successfully! Returning success: true. ID: fab0fc56-4b64-430c-8234-ecb3db2cecb7
